0 info it worked if it ends with ok
1 verbose cli [ 'C:\\Program Files\\nodejs\\node.exe',
1 verbose cli   'C:\\Program Files\\nodejs\\node_modules\\npm\\bin\\npm-cli.js',
1 verbose cli   'run',
1 verbose cli   'protractor' ]
2 info using npm@3.10.10
3 info using node@v6.10.3
4 verbose run-script [ 'preprotractor', 'protractor', 'postprotractor' ]
5 info lifecycle @~preprotractor: @
6 verbose lifecycle @~preprotractor: unsafe-perm in lifecycle true
7 verbose lifecycle @~preprotractor: PATH: C:\Program Files\nodejs\node_modules\npm\bin\node-gyp-bin;D:\wamp\www\fountainjs\node_modules\.bin;C:\Windows\system32;C:\Windows;C:\Windows\System32\Wbem;C:\Windows\System32\WindowsPowerShell\v1.0\;C:\Program Files (x86)\ATI Technologies\ATI.ACE\Core-Static;D:\wamp\bin\php\php5.4.12;C:\Program Files (x86)\Skype\Phone\;C:\Program Files\WIDCOMM\Bluetooth Software\;C:\Program Files\WIDCOMM\Bluetooth Software\syswow64;C:\Program Files\MongoDB\Server\3.0\bin;C:\ProgramData\ComposerSetup\bin;C:\Program Files\Git\cmd;C:\Program Files\nodejs\;C:\Program Files (x86)\Java\jre7\bin;C:\Program Files (x86)\AMD\ATI.ACE\Core-Static;C:\Users\Ayoub\AppData\Roaming\Composer\vendor\bin;C:\Users\Ayoub\AppData\Roaming\npm
8 verbose lifecycle @~preprotractor: CWD: D:\wamp\www\fountainjs
9 silly lifecycle @~preprotractor: Args: [ '/d /s /c', 'npm run update-webdriver' ]
10 silly lifecycle @~preprotractor: Returned: code: 0  signal: null
11 info lifecycle @~protractor: @
12 verbose lifecycle @~protractor: unsafe-perm in lifecycle true
13 verbose lifecycle @~protractor: PATH: C:\Program Files\nodejs\node_modules\npm\bin\node-gyp-bin;D:\wamp\www\fountainjs\node_modules\.bin;C:\Windows\system32;C:\Windows;C:\Windows\System32\Wbem;C:\Windows\System32\WindowsPowerShell\v1.0\;C:\Program Files (x86)\ATI Technologies\ATI.ACE\Core-Static;D:\wamp\bin\php\php5.4.12;C:\Program Files (x86)\Skype\Phone\;C:\Program Files\WIDCOMM\Bluetooth Software\;C:\Program Files\WIDCOMM\Bluetooth Software\syswow64;C:\Program Files\MongoDB\Server\3.0\bin;C:\ProgramData\ComposerSetup\bin;C:\Program Files\Git\cmd;C:\Program Files\nodejs\;C:\Program Files (x86)\Java\jre7\bin;C:\Program Files (x86)\AMD\ATI.ACE\Core-Static;C:\Users\Ayoub\AppData\Roaming\Composer\vendor\bin;C:\Users\Ayoub\AppData\Roaming\npm
14 verbose lifecycle @~protractor: CWD: D:\wamp\www\fountainjs
15 silly lifecycle @~protractor: Args: [ '/d /s /c', 'protractor protractor.conf.js' ]
16 silly lifecycle @~protractor: Returned: code: 1  signal: null
17 info lifecycle @~protractor: Failed to exec protractor script
18 verbose stack Error: @ protractor: `protractor protractor.conf.js`
18 verbose stack Exit status 1
18 verbose stack     at EventEmitter.<anonymous> (C:\Program Files\nodejs\node_modules\npm\lib\utils\lifecycle.js:255:16)
18 verbose stack     at emitTwo (events.js:106:13)
18 verbose stack     at EventEmitter.emit (events.js:191:7)
18 verbose stack     at ChildProcess.<anonymous> (C:\Program Files\nodejs\node_modules\npm\lib\utils\spawn.js:40:14)
18 verbose stack     at emitTwo (events.js:106:13)
18 verbose stack     at ChildProcess.emit (events.js:191:7)
18 verbose stack     at maybeClose (internal/child_process.js:886:16)
18 verbose stack     at Process.ChildProcess._handle.onexit (internal/child_process.js:226:5)
19 verbose pkgid @
20 verbose cwd D:\wamp\www\fountainjs
21 error Windows_NT 6.1.7601
22 error argv "C:\\Program Files\\nodejs\\node.exe" "C:\\Program Files\\nodejs\\node_modules\\npm\\bin\\npm-cli.js" "run" "protractor"
23 error node v6.10.3
24 error npm  v3.10.10
25 error code ELIFECYCLE
26 error @ protractor: `protractor protractor.conf.js`
26 error Exit status 1
27 error Failed at the @ protractor script 'protractor protractor.conf.js'.
27 error Make sure you have the latest version of node.js and npm installed.
27 error If you do, this is most likely a problem with the  package,
27 error not with npm itself.
27 error Tell the author that this fails on your system:
27 error     protractor protractor.conf.js
27 error You can get information on how to open an issue for this project with:
27 error     npm bugs
27 error Or if that isn't available, you can get their info via:
27 error     npm owner ls
27 error There is likely additional logging output above.
28 verbose exit [ 1, true ]
